C51 COMPILER V9.60.7.0   MAIN                                                              11/09/2024 13:45:47 PAGE 1   


C51 COMPILER V9.60.7.0, COMPILATION OF MODULE MAIN
OBJECT MODULE PLACED IN .\Objects\main.obj
COMPILER INVOKED BY: D:\Program Files\Keil_v5\C51\BIN\C51.EXE main.c OPTIMIZE(8,SPEED) BROWSE DEBUG OBJECTEXTEND PRINT(.
                    -\Listings\main.lst) TABS(2) OBJECT(.\Objects\main.obj)

line level    source

   1          #define MAIN_Fosc 24000000L // 24MHz
   2          
   3          #include <STC15Fxxxx.h>
   4          
   5          #define uchar unsigned char
   6          #define uint unsigned int
   7          
   8          // 按键P3口
   9          sbit K1=P3^2;
  10          sbit Buzzer = P1^0;
  11          
  12          // 定义需要用到的自定义函数，把main函数放在开头
  13          void OPENBU(void);
  14          void GPIO_config(void);
  15          
  16          // 主函数
  17          void main(void)
  18          {
  19   1        GPIO_config();
  20   1        OPENBU();
  21   1      }
  22          
  23          // LED函数
  24          void OPENBU()
  25          {
  26   1        if (K1 == 1)
  27   1          while (K1 == 1)
  28   1          {
  29   2            // i从0开始，最大为8
  30   2            Buzzer = 1;
  31   2            delay_ms(100);
  32   2            Buzzer = 0;
  33   2            delay_ms(100);
  34   2          }
  35   1      }
  36          
  37          void GPIO_config(void)
  38          {
  39   1        P1n_push_pull(0XFF);
  40   1        P3n_pure_input(0X3C);
  41   1      }


MODULE INFORMATION:   STATIC OVERLAYABLE
   CODE SIZE        =     69    ----
   CONSTANT SIZE    =   ----    ----
   XDATA SIZE       =   ----    ----
   PDATA SIZE       =   ----    ----
   DATA SIZE        =   ----    ----
   IDATA SIZE       =   ----    ----
   BIT SIZE         =   ----    ----
END OF MODULE INFORMATION.


C51 COMPILATION COMPLETE.  0 WARNING(S),  0 ERROR(S)
