C51 COMPILER V9.60.7.0   1                                                                 11/15/2024 16:46:55 PAGE 1   


C51 COMPILER V9.60.7.0, COMPILATION OF MODULE 1
OBJECT MODULE PLACED IN .\Objects\1.obj
COMPILER INVOKED BY: D:\Program Files\Keil_v5\C51\BIN\C51.EXE 1.c OPTIMIZE(8,SPEED) BROWSE DEBUG OBJECTEXTEND PRINT(.\Li
                    -stings\1.lst) TABS(2) OBJECT(.\Objects\1.obj)

line level    source

   1          #define MAIN_Fosc   24000000L //??????
   2          
   3          #include <STC15Fxxxx.H>
   4          
   5          #define uchar unsigned char 
   6          #define uint unsigned int 
   7          
   8          code uchar disptab[]={0x3F,0x06,0x5B,0x4F,0x66,0x6D,0x7D,0x07,0x7F,0x6F,0x77,0x7C,0x39,0x5E,0x79,0x71};
   9          sbit S1=P3^2;
  10          sbit S2=P3^3;
  11          sbit S3=P3^4;
  12          sbit S4=P3^5;
  13          #define SEG P0
  14          uchar DIS[4],ptr;
  15          void SEGDIS()
  16          { 
  17   1         SEG=0X00;  //????
  18   1         S1=1; S2=1; S3=1; S4=1; //???
  19   1         switch(ptr)  //????
  20   1         {
  21   2           case 0: S1=0; break;
  22   2           case 1: S2=0; break;
  23   2           case 2: S3=0; break;
  24   2           case 3: S4=0; break;
  25   2         }
  26   1         SEG=DIS[ptr]; //????
  27   1         ptr=(ptr+1)&3; //?????
  28   1      } 
  29          
  30          void  GPIO_config(void)
  31          {
  32   1        P0n_push_pull(0XFF);//??IO?
  33   1        P3n_push_pull(0X3C);//??IO?
  34   1      }
  35          
  36          void main(void)
  37          {
  38   1        GPIO_config();
  39   1        DIS[0]=disptab[1]; 
  40   1        DIS[1]=disptab[0]; 
  41   1        DIS[2]=disptab[1]; 
  42   1        DIS[3]=disptab[5]; 
  43   1        while(1)
  44   1        {
  45   2            SEGDIS();
  46   2            delay_ms(5);
  47   2        }
  48   1      }


MODULE INFORMATION:   STATIC OVERLAYABLE
   CODE SIZE        =    131    ----
   CONSTANT SIZE    =     16    ----
   XDATA SIZE       =   ----    ----
C51 COMPILER V9.60.7.0   1                                                                 11/15/2024 16:46:55 PAGE 2   

   PDATA SIZE       =   ----    ----
   DATA SIZE        =      5    ----
   IDATA SIZE       =   ----    ----
   BIT SIZE         =   ----    ----
END OF MODULE INFORMATION.


C51 COMPILATION COMPLETE.  0 WARNING(S),  0 ERROR(S)
