C51 COMPILER V9.60.7.0   MAIN                                                              11/15/2024 17:20:10 PAGE 1   


C51 COMPILER V9.60.7.0, COMPILATION OF MODULE MAIN
OBJECT MODULE PLACED IN .\Objects\main.obj
COMPILER INVOKED BY: D:\Program Files\Keil_v5\C51\BIN\C51.EXE main.c OPTIMIZE(8,SPEED) BROWSE DEBUG OBJECTEXTEND PRINT(.
                    -\Listings\main.lst) TABS(2) OBJECT(.\Objects\main.obj)

line level    source

   1          #define MAIN_Fosc 24000000L // 24MHz
   2          
   3          #include <STC15Fxxxx.h>
   4          
   5          #define uchar unsigned char
   6          #define uint unsigned int
   7          
   8          #define SEG P0 // P0口
   9          
  10          // 控制LED的数组，4种方式
  11          code uchar ledtab1[] = {0x01, 0x02, 0x04, 0x08, 0x10, 0x20, 0x40, 0x80};
  12          code uchar ledtab2[] = {0x03, 0x06, 0x0C, 0x18, 0x30, 0x60, 0x0C, 0x81};
  13          code uchar ledtab3[] = {0x80, 0x40, 0x20, 0x10, 0x08, 0x04, 0x02, 0x01};
  14          code uchar ledtab4[] = {0xAA, 0x55, 0xAA, 0x55, 0xAA, 0x55, 0xAA, 0x55};
  15          
  16          // 按键P3口
  17          sbit K1 = P3^2;
  18          sbit K2 = P3^3;
  19          sbit K3 = P3^4;
  20          sbit K4 = P3^5;
  21          
  22          uchar i; // 计数
  23          uchar mode; // 模式
  24          
  25          // LED函数
  26          void SEGLED(void)
  27          {
  28   1          SEG = 0x00; // 清空LED显示
  29   1      
  30   1          switch (mode)
  31   1          {
  32   2              case 0:
  33   2                  SEG = ledtab1[i];
  34   2                  break;
  35   2              case 1:
  36   2                  SEG = ledtab2[i];
  37   2                  break;
  38   2              case 2:
  39   2                  SEG = ledtab3[i];
  40   2                  break;
  41   2              case 3:
  42   2                  SEG = ledtab4[i];
  43   2                  break;
  44   2          }
  45   1      
  46   1          i = (i + 1) % 8;
  47   1          delay_ms(200);
  48   1      }
  49          
  50          void GPIO_config(void)
  51          {
  52   1          P0n_push_pull(0XFF);
  53   1          P3n_pure_input(0X3C);
  54   1      }
C51 COMPILER V9.60.7.0   MAIN                                                              11/15/2024 17:20:10 PAGE 2   

  55          
  56          // 按键处理函数
  57          void KeyScan(void)
  58          {
  59   1          if (K3 == 0 && K4 == 0)
  60   1          {
  61   2              mode = 0;
  62   2          }
  63   1          else if (K3 == 0 && K4 == 1)
  64   1          {
  65   2              mode = 1;
  66   2          }
  67   1          else if (K3 == 1 && K4 == 0)
  68   1          {
  69   2              mode = 2;
  70   2          }
  71   1          else if (K3 == 1 && K4 == 1)
  72   1          {
  73   2              mode = 3;
  74   2          }
  75   1      }
  76          
  77          // 主函数
  78          void main(void)
  79          {
  80   1          GPIO_config();
  81   1          mode = 0; // 初始化模式
  82   1          while (1)
  83   1          {
  84   2              KeyScan();
  85   2              SEGLED();
  86   2          }
  87   1      }


MODULE INFORMATION:   STATIC OVERLAYABLE
   CODE SIZE        =    151    ----
   CONSTANT SIZE    =     32    ----
   XDATA SIZE       =   ----    ----
   PDATA SIZE       =   ----    ----
   DATA SIZE        =      2    ----
   IDATA SIZE       =   ----    ----
   BIT SIZE         =   ----    ----
END OF MODULE INFORMATION.


C51 COMPILATION COMPLETE.  0 WARNING(S),  0 ERROR(S)
